<?xml version="1.0" encoding="UTF-8"?>
<!-- Generated by org.testng.reporters.JUnitReportReporter -->
<testsuite hostname="MAVPUN0522031" failures="0" tests="2" name="com.maveric.project.test.FakeApiTest" time="2.741" errors="0" timestamp="2024-07-03T10:33:16 IST" skipped="0">
  <testcase classname="com.maveric.project.test.FakeApiTest" name="test2" time="0.724"/>
  <testcase classname="com.maveric.project.test.FakeApiTest" name="test1" time="2.017"/>
</testsuite> <!-- com.maveric.project.test.FakeApiTest -->
